{"C:\\Users\\hello\\Desktop\\Mission Ready (Level-5)\\mission-4-level-5\\src\\services\\carValueService.ts": {"path":"C:\\Users\\hello\\Desktop\\Mission Ready (Level-5)\\mission-4-level-5\\src\\services\\carValueService.ts","statementMap":{"0":{"start":{"line":1,"column":24},"end":{"line":17,"column":2}},"1":{"start":{"line":3,"column":22},"end":{"line":3,"column":67}},"2":{"start":{"line":5,"column":4},"end":{"line":7,"column":null}},"3":{"start":{"line":6,"column":6},"end":{"line":6,"column":18}},"4":{"start":{"line":9,"column":30},"end":{"line":10,"column":null}},"5":{"start":{"line":10,"column":6},"end":{"line":10,"column":29}},"6":{"start":{"line":13,"column":21},"end":{"line":13,"column":96}},"7":{"start":{"line":13,"column":65},"end":{"line":13,"column":79}},"8":{"start":{"line":15,"column":4},"end":{"line":15,"column":20}},"9":{"start":{"line":19,"column":0},"end":{"line":19,"column":31}}},"fnMap":{"0":{"name":"(anonymous_0)","decl":{"start":{"line":2,"column":2},"end":{"line":2,"column":19}},"loc":{"start":{"line":2,"column":47},"end":{"line":16,"column":3}}},"1":{"name":"(anonymous_1)","decl":{"start":{"line":9,"column":49},"end":{"line":9,"column":50}},"loc":{"start":{"line":10,"column":6},"end":{"line":10,"column":29}}},"2":{"name":"(anonymous_2)","decl":{"start":{"line":13,"column":46},"end":{"line":13,"column":47}},"loc":{"start":{"line":13,"column":65},"end":{"line":13,"column":79}}}},"branchMap":{"0":{"loc":{"start":{"line":5,"column":4},"end":{"line":7,"column":null}},"type":"if","locations":[{"start":{"line":5,"column":4},"end":{"line":7,"column":null}}]},"1":{"loc":{"start":{"line":5,"column":8},"end":{"line":5,"column":43}},"type":"binary-expr","locations":[{"start":{"line":5,"column":8},"end":{"line":5,"column":30}},{"start":{"line":5,"column":34},"end":{"line":5,"column":43}}]}},"s":{"0":1,"1":5,"2":5,"3":2,"4":3,"5":14,"6":3,"7":14,"8":3,"9":1},"f":{"0":5,"1":14,"2":14},"b":{"0":[2],"1":[5,4]}}
}
